Using pre-set license
Built from '6000.0/staging' branch; Version is '6000.0.37f1 (090b7797214c) revision 592759'; Using compiler version '193933523'; Build Type 'Release'
OS: 'Windows 11  (10.0.26100) 64bit CoreCountrySpecific' Language: 'zh' Physical Memory: 32012 MB
BatchMode: 1, IsHumanControllingUs: 0, StartBugReporterOnCrash: 0, Is64bit: 1, IsPro: 1

COMMAND LINE ARGUMENTS:
D:\Unity\6000.0.37f1\Editor\Unity.exe
-adb2
-batchMode
-noUpm
-name
AssetImportWorker1
-projectPath
D:/Github/Group-36-COMP218
-logFile
Logs/AssetImportWorker1.log
-srvPort
13787
-job-worker-count
7
-background-job-worker-count
8
-gc-helper-count
1
Successfully changed project path to: D:/Github/Group-36-COMP218
D:/Github/Group-36-COMP218
[UnityMemory] Configuration Parameters - Can be set up in boot.config
    "memorysetup-bucket-allocator-granularity=16"
    "memorysetup-bucket-allocator-bucket-count=8"
    "memorysetup-bucket-allocator-block-size=33554432"
    "memorysetup-bucket-allocator-block-count=8"
    "memorysetup-main-allocator-block-size=16777216"
    "memorysetup-thread-allocator-block-size=16777216"
    "memorysetup-gfx-main-allocator-block-size=16777216"
    "memorysetup-gfx-thread-allocator-block-size=16777216"
    "memorysetup-cache-allocator-block-size=4194304"
    "memorysetup-typetree-allocator-block-size=2097152"
    "memorysetup-profiler-bucket-allocator-granularity=16"
    "memorysetup-profiler-bucket-allocator-bucket-count=8"
    "memorysetup-profiler-bucket-allocator-block-size=33554432"
    "memorysetup-profiler-bucket-allocator-block-count=8"
    "memorysetup-profiler-allocator-block-size=16777216"
    "memorysetup-profiler-editor-allocator-block-size=1048576"
    "memorysetup-temp-allocator-size-main=16777216"
    "memorysetup-job-temp-allocator-block-size=2097152"
    "memorysetup-job-temp-allocator-block-size-background=1048576"
    "memorysetup-job-temp-allocator-reduction-small-platforms=262144"
    "memorysetup-allocator-temp-initial-block-size-main=262144"
    "memorysetup-allocator-temp-initial-block-size-worker=262144"
    "memorysetup-temp-allocator-size-background-worker=32768"
    "memorysetup-temp-allocator-size-job-worker=262144"
    "memorysetup-temp-allocator-size-preload-manager=33554432"
    "memorysetup-temp-allocator-size-nav-mesh-worker=65536"
    "memorysetup-temp-allocator-size-audio-worker=65536"
    "memorysetup-temp-allocator-size-cloud-worker=32768"
    "memorysetup-temp-allocator-size-gi-baking-worker=262144"
    "memorysetup-temp-allocator-size-gi-baking-worker=262144"
    "memorysetup-temp-allocator-size-gi-baking-worker=262144"
    "memorysetup-temp-allocator-size-gi-baking-worker=262144"
    "memorysetup-temp-allocator-size-gi-baking-worker=262144"
    "memorysetup-temp-allocator-size-gfx=262144"
Player connection [59536]  Target information:

Player connection [59536]  * "[IP] 192.168.31.144 [Port] 0 [Flags] 2 [Guid] 3425080465 [EditorId] 3425080465 [Version] 1048832 [Id] WindowsEditor(7,jcddl) [Debug] 1 [PackageName] WindowsEditor [ProjectName] Editor" 

Player connection [59536] Host joined multi-casting on [225.0.0.222:54997]...
Player connection [59536] Host joined alternative multi-casting on [225.0.0.222:34997]...
JobSystem: Creating JobQueue using job-worker-count value 7
Input System module state changed to: Initialized.
[Physics::Module] Initialized fallback backend.
[Physics::Module] Id: 0xdecafbad
Library Redirect Path: Library/
[Physics::Module] Selected backend.
[Physics::Module] Name: PhysX
[Physics::Module] Id: 0xf2b8ea05
[Physics::Module] SDK Version: 4.1.2
[Physics::Module] Integration Version: 1.0.0
[Physics::Module] Threading Mode: Multi-Threaded
Refreshing native plugins compatible for Editor in 0.00 ms, found 0 plugins.
Preloading 0 native plugins for Editor in 0.00 ms.
Initialize engine version: 6000.0.37f1 (090b7797214c)
[Subsystems] Discovering subsystems at path D:/Unity/6000.0.37f1/Editor/Data/Resources/UnitySubsystems
[Subsystems] Discovering subsystems at path D:/Github/Group-36-COMP218/Assets
GfxDevice: creating device client; kGfxThreadingModeNonThreaded
Direct3D:
    Version:  Direct3D 11.0 [level 11.1]
    Renderer: NVIDIA GeForce RTX 3070 Ti Laptop GPU (ID=0x24a0)
    Vendor:   NVIDIA
    VRAM:     8018 MB
    Driver:   32.0.15.7247
Initialize mono
Mono path[0] = 'D:/Unity/6000.0.37f1/Editor/Data/Managed'
Mono path[1] = 'D:/Unity/6000.0.37f1/Editor/Data/MonoBleedingEdge/lib/mono/unityjit-win32'
Mono config path = 'D:/Unity/6000.0.37f1/Editor/Data/MonoBleedingEdge/etc'
Using monoOptions --debugger-agent=transport=dt_socket,embedding=1,server=y,suspend=n,address=127.0.0.1:56180
Begin MonoManager ReloadAssembly
Registering precompiled unity dll's ...
Register platform support module: D:/Unity/6000.0.37f1/Editor/Data/PlaybackEngines/WebGLSupport/UnityEditor.WebGL.Extensions.dll
Register platform support module: D:/Unity/6000.0.37f1/Editor/Data/PlaybackEngines/WindowsStandaloneSupport/UnityEditor.WindowsStandalone.Extensions.dll
Registered in 0.003040 seconds.
- Loaded All Assemblies, in  0.449 seconds
Native extension for WindowsStandalone target not found
Native extension for WebGL target not found
Mono: successfully reloaded assembly
- Finished resetting the current domain, in  0.317 seconds
Domain Reload Profiling: 766ms
	BeginReloadAssembly (202ms)
		ExecutionOrderSort (0ms)
		DisableScriptedObjects (0ms)
		BackupInstance (0ms)
		ReleaseScriptingObjects (0ms)
		CreateAndSetChildDomain (1ms)
	RebuildCommonClasses (36ms)
	RebuildNativeTypeToScriptingClass (10ms)
	initialDomainReloadingComplete (43ms)
	LoadAllAssembliesAndSetupDomain (158ms)
		LoadAssemblies (201ms)
		RebuildTransferFunctionScriptingTraits (0ms)
		AnalyzeDomain (155ms)
			TypeCache.Refresh (153ms)
				TypeCache.ScanAssembly (140ms)
			BuildScriptInfoCaches (0ms)
			ResolveRequiredComponents (0ms)
	FinalizeReload (317ms)
		ReleaseScriptCaches (0ms)
		RebuildScriptCaches (0ms)
		SetupLoadedEditorAssemblies (284ms)
			LogAssemblyErrors (0ms)
			InitializePlatformSupportModulesInManaged (27ms)
			SetLoadedEditorAssemblies (4ms)
			BeforeProcessingInitializeOnLoad (50ms)
			ProcessInitializeOnLoadAttributes (147ms)
			ProcessInitializeOnLoadMethodAttributes (55ms)
			AfterProcessingInitializeOnLoad (0ms)
			EditorAssembliesLoaded (0ms)
		ExecutionOrderSort2 (0ms)
		AwakeInstancesAfterBackupRestoration (0ms)
========================================================================
Worker process is ready to serve import requests
Import Worker Mode flag is 0x00
Begin MonoManager ReloadAssembly
- Loaded All Assemblies, in  0.285 seconds
Refreshing native plugins compatible for Editor in 0.00 ms, found 0 plugins.
Native extension for WindowsStandalone target not found
Native extension for WebGL target not found
Mono: successfully reloaded assembly
- Finished resetting the current domain, in  0.331 seconds
Domain Reload Profiling: 617ms
	BeginReloadAssembly (201ms)
		ExecutionOrderSort (0ms)
		DisableScriptedObjects (7ms)
		BackupInstance (0ms)
		ReleaseScriptingObjects (0ms)
		CreateAndSetChildDomain (33ms)
	RebuildCommonClasses (36ms)
	RebuildNativeTypeToScriptingClass (10ms)
	initialDomainReloadingComplete (16ms)
	LoadAllAssembliesAndSetupDomain (22ms)
		LoadAssemblies (136ms)
		RebuildTransferFunctionScriptingTraits (0ms)
		AnalyzeDomain (16ms)
			TypeCache.Refresh (10ms)
				TypeCache.ScanAssembly (6ms)
			BuildScriptInfoCaches (2ms)
			ResolveRequiredComponents (2ms)
	FinalizeReload (332ms)
		ReleaseScriptCaches (0ms)
		RebuildScriptCaches (0ms)
		SetupLoadedEditorAssemblies (215ms)
			LogAssemblyErrors (0ms)
			InitializePlatformSupportModulesInManaged (3ms)
			SetLoadedEditorAssemblies (4ms)
			BeforeProcessingInitializeOnLoad (58ms)
			ProcessInitializeOnLoadAttributes (120ms)
			ProcessInitializeOnLoadMethodAttributes (28ms)
			AfterProcessingInitializeOnLoad (2ms)
			EditorAssembliesLoaded (0ms)
		ExecutionOrderSort2 (0ms)
		AwakeInstancesAfterBackupRestoration (8ms)
Launched and connected shader compiler UnityShaderCompiler.exe after 0.01 seconds
Refreshing native plugins compatible for Editor in 0.00 ms, found 0 plugins.
Preloading 0 native plugins for Editor in 0.00 ms.
Unloading 7 Unused Serialized files (Serialized files now loaded: 0)
Unloading 416 unused Assets / (84.9 KB). Loaded Objects now: 913.
Memory consumption went from 60.2 MB to 60.1 MB.
Total: 7.565200 ms (FindLiveObjects: 0.131900 ms CreateObjectMapping: 0.079600 ms MarkObjects: 7.086600 ms  DeleteObjects: 0.265000 ms)

========================================================================
Received Import Request.
  Time since last request: 31376.135147 seconds.
  path: Packages/com.unity.ugui/package.json
  artifactKey: Guid(319b8889f363f5947acf209c17a94149) Importer(815301076,1909f56bfc062723c751e8b465ee728b)
Start importing Packages/com.unity.ugui/package.json using Guid(319b8889f363f5947acf209c17a94149) Importer(815301076,1909f56bfc062723c751e8b465ee728b) (PreviewImporter) -> (artifact id: '5890c27c60dbe54326cf92c682132234') in 0.0264316 seconds
Number of updated asset objects reloaded before import = 0Number of asset objects unloaded after import = 1

========================================================================
Received Prepare
Refreshing native plugins compatible for Editor in 0.00 ms, found 0 plugins.
Preloading 0 native plugins for Editor in 0.00 ms.
Unloading 0 Unused Serialized files (Serialized files now loaded: 0)
Unloading 415 unused Assets / (23.5 KB). Loaded Objects now: 917.
Memory consumption went from 59.6 MB to 59.5 MB.
Total: 6.596200 ms (FindLiveObjects: 0.130300 ms CreateObjectMapping: 0.074500 ms MarkObjects: 6.284000 ms  DeleteObjects: 0.105900 ms)

Prepare: number of updated asset objects reloaded= 0
========================================================================
Received Prepare
Refreshing native plugins compatible for Editor in 0.00 ms, found 0 plugins.
Preloading 0 native plugins for Editor in 0.00 ms.
Unloading 0 Unused Serialized files (Serialized files now loaded: 0)
Unloading 415 unused Assets / (42.2 KB). Loaded Objects now: 917.
Memory consumption went from 59.6 MB to 59.5 MB.
Total: 7.334300 ms (FindLiveObjects: 0.115200 ms CreateObjectMapping: 0.054000 ms MarkObjects: 6.981500 ms  DeleteObjects: 0.181900 ms)

Prepare: number of updated asset objects reloaded= 0
========================================================================
Received Prepare
Refreshing native plugins compatible for Editor in 0.00 ms, found 0 plugins.
Preloading 0 native plugins for Editor in 0.00 ms.
Unloading 0 Unused Serialized files (Serialized files now loaded: 0)
Unloading 416 unused Assets / (43.8 KB). Loaded Objects now: 918.
Memory consumption went from 59.6 MB to 59.5 MB.
Total: 6.209300 ms (FindLiveObjects: 0.128100 ms CreateObjectMapping: 0.067300 ms MarkObjects: 5.832700 ms  DeleteObjects: 0.179300 ms)

Prepare: number of updated asset objects reloaded= 0
========================================================================
Received Import Request.
  Time since last request: 1553.575965 seconds.
  path: Assets/Scripts/CardEffect/NewMonoBehaviourScript.cs
  artifactKey: Guid(e7890d9533f28ce428b3015653e78760) Importer(815301076,1909f56bfc062723c751e8b465ee728b)
Start importing Assets/Scripts/CardEffect/NewMonoBehaviourScript.cs using Guid(e7890d9533f28ce428b3015653e78760) Importer(815301076,1909f56bfc062723c751e8b465ee728b) (PreviewImporter) -> (artifact id: 'ba8fa9bdd0c3c5fb86275d0bde6e5f16') in 0.0021696 seconds
Number of updated asset objects reloaded before import = 0Number of asset objects unloaded after import = 0

========================================================================
Received Prepare
Refreshing native plugins compatible for Editor in 0.00 ms, found 0 plugins.
Preloading 0 native plugins for Editor in 0.00 ms.
Unloading 0 Unused Serialized files (Serialized files now loaded: 0)
Unloading 416 unused Assets / (46.7 KB). Loaded Objects now: 918.
Memory consumption went from 59.6 MB to 59.5 MB.
Total: 8.313300 ms (FindLiveObjects: 0.113000 ms CreateObjectMapping: 0.052600 ms MarkObjects: 7.928700 ms  DeleteObjects: 0.217600 ms)

Prepare: number of updated asset objects reloaded= 0
========================================================================
Received Import Request.
  Time since last request: 7.215471 seconds.
  path: Assets/Scripts/CardEffect/CardEffect_2.cs
  artifactKey: Guid(e7890d9533f28ce428b3015653e78760) Importer(815301076,1909f56bfc062723c751e8b465ee728b)
Start importing Assets/Scripts/CardEffect/CardEffect_2.cs using Guid(e7890d9533f28ce428b3015653e78760) Importer(815301076,1909f56bfc062723c751e8b465ee728b) (PreviewImporter) -> (artifact id: '0f715f86f711dca57ad77d1a1db6810c') in 0.0013733 seconds
Number of updated asset objects reloaded before import = 0Number of asset objects unloaded after import = 0

========================================================================
Received Prepare
Refreshing native plugins compatible for Editor in 0.00 ms, found 0 plugins.
Preloading 0 native plugins for Editor in 0.00 ms.
Unloading 0 Unused Serialized files (Serialized files now loaded: 0)
Unloading 416 unused Assets / (40.0 KB). Loaded Objects now: 918.
Memory consumption went from 59.6 MB to 59.5 MB.
Total: 16.464100 ms (FindLiveObjects: 0.389900 ms CreateObjectMapping: 0.230700 ms MarkObjects: 15.641000 ms  DeleteObjects: 0.198700 ms)

Prepare: number of updated asset objects reloaded= 0
========================================================================
Received Prepare
Refreshing native plugins compatible for Editor in 0.00 ms, found 0 plugins.
Preloading 0 native plugins for Editor in 0.00 ms.
Unloading 0 Unused Serialized files (Serialized files now loaded: 0)
Unloading 416 unused Assets / (30.8 KB). Loaded Objects now: 918.
Memory consumption went from 59.6 MB to 59.6 MB.
Total: 6.672400 ms (FindLiveObjects: 0.123700 ms CreateObjectMapping: 0.051600 ms MarkObjects: 6.318200 ms  DeleteObjects: 0.177500 ms)

Prepare: number of updated asset objects reloaded= 0
========================================================================
Received Prepare
Refreshing native plugins compatible for Editor in 0.00 ms, found 0 plugins.
Preloading 0 native plugins for Editor in 0.00 ms.
Unloading 0 Unused Serialized files (Serialized files now loaded: 0)
Unloading 416 unused Assets / (35.4 KB). Loaded Objects now: 918.
Memory consumption went from 59.6 MB to 59.5 MB.
Total: 6.148600 ms (FindLiveObjects: 0.124500 ms CreateObjectMapping: 0.060700 ms MarkObjects: 5.792300 ms  DeleteObjects: 0.169700 ms)

Prepare: number of updated asset objects reloaded= 0
========================================================================
Received Prepare
Refreshing native plugins compatible for Editor in 0.00 ms, found 0 plugins.
Preloading 0 native plugins for Editor in 0.00 ms.
Unloading 0 Unused Serialized files (Serialized files now loaded: 0)
Unloading 417 unused Assets / (26.6 KB). Loaded Objects now: 919.
Memory consumption went from 59.6 MB to 59.6 MB.
Total: 4.776400 ms (FindLiveObjects: 0.125300 ms CreateObjectMapping: 0.038300 ms MarkObjects: 4.491800 ms  DeleteObjects: 0.119700 ms)

Prepare: number of updated asset objects reloaded= 0
========================================================================
Received Prepare
Refreshing native plugins compatible for Editor in 0.00 ms, found 0 plugins.
Preloading 0 native plugins for Editor in 0.00 ms.
Unloading 0 Unused Serialized files (Serialized files now loaded: 0)
Unloading 417 unused Assets / (38.0 KB). Loaded Objects now: 919.
Memory consumption went from 59.6 MB to 59.5 MB.
Total: 15.436100 ms (FindLiveObjects: 0.122100 ms CreateObjectMapping: 0.070800 ms MarkObjects: 14.851800 ms  DeleteObjects: 0.387100 ms)

Prepare: number of updated asset objects reloaded= 0
========================================================================
Received Prepare
Refreshing native plugins compatible for Editor in 0.00 ms, found 0 plugins.
Preloading 0 native plugins for Editor in 0.00 ms.
Unloading 0 Unused Serialized files (Serialized files now loaded: 0)
Unloading 418 unused Assets / (43.8 KB). Loaded Objects now: 920.
Memory consumption went from 59.6 MB to 59.5 MB.
Total: 7.082000 ms (FindLiveObjects: 0.125600 ms CreateObjectMapping: 0.068900 ms MarkObjects: 6.703500 ms  DeleteObjects: 0.183000 ms)

Prepare: number of updated asset objects reloaded= 0
========================================================================
Received Import Request.
  Time since last request: 454.580388 seconds.
  path: Assets/Scripts/CardEffect/NewMonoBehaviourScript.cs
  artifactKey: Guid(a81618a5e78017b4a90d6c5a0bf70f07) Importer(815301076,1909f56bfc062723c751e8b465ee728b)
Start importing Assets/Scripts/CardEffect/NewMonoBehaviourScript.cs using Guid(a81618a5e78017b4a90d6c5a0bf70f07) Importer(815301076,1909f56bfc062723c751e8b465ee728b) (PreviewImporter) -> (artifact id: 'a312a942d9e880354251701629c3be28') in 0.0042051 seconds
Number of updated asset objects reloaded before import = 0Number of asset objects unloaded after import = 0

========================================================================
Received Prepare
Refreshing native plugins compatible for Editor in 0.00 ms, found 0 plugins.
Preloading 0 native plugins for Editor in 0.00 ms.
Unloading 0 Unused Serialized files (Serialized files now loaded: 0)
Unloading 418 unused Assets / (27.6 KB). Loaded Objects now: 920.
Memory consumption went from 59.6 MB to 59.6 MB.
Total: 6.640700 ms (FindLiveObjects: 0.122100 ms CreateObjectMapping: 0.069700 ms MarkObjects: 6.336100 ms  DeleteObjects: 0.111500 ms)

Prepare: number of updated asset objects reloaded= 0
========================================================================
Received Prepare
Refreshing native plugins compatible for Editor in 0.00 ms, found 0 plugins.
Preloading 0 native plugins for Editor in 0.00 ms.
Unloading 0 Unused Serialized files (Serialized files now loaded: 0)
Unloading 418 unused Assets / (18.7 KB). Loaded Objects now: 920.
Memory consumption went from 59.6 MB to 59.6 MB.
Total: 8.009500 ms (FindLiveObjects: 0.301700 ms CreateObjectMapping: 0.082900 ms MarkObjects: 7.495500 ms  DeleteObjects: 0.128100 ms)

Prepare: number of updated asset objects reloaded= 0
========================================================================
Received Prepare
Refreshing native plugins compatible for Editor in 0.00 ms, found 0 plugins.
Preloading 0 native plugins for Editor in 0.00 ms.
Unloading 0 Unused Serialized files (Serialized files now loaded: 0)
Unloading 418 unused Assets / (39.0 KB). Loaded Objects now: 920.
Memory consumption went from 59.6 MB to 59.5 MB.
Total: 10.807700 ms (FindLiveObjects: 0.131500 ms CreateObjectMapping: 0.069800 ms MarkObjects: 10.097100 ms  DeleteObjects: 0.506500 ms)

Prepare: number of updated asset objects reloaded= 0
========================================================================
Received Import Request.
  Time since last request: 3665.516741 seconds.
  path: Assets/Scripts/CardEffect/CardEffect2.cs
  artifactKey: Guid(e7890d9533f28ce428b3015653e78760) Importer(815301076,1909f56bfc062723c751e8b465ee728b)
Start importing Assets/Scripts/CardEffect/CardEffect2.cs using Guid(e7890d9533f28ce428b3015653e78760) Importer(815301076,1909f56bfc062723c751e8b465ee728b) (PreviewImporter) -> (artifact id: '84dbc6438a56d284ef2b4d907afb3b89') in 0.0036978 seconds
Number of updated asset objects reloaded before import = 0Number of asset objects unloaded after import = 0

========================================================================
Received Prepare
Refreshing native plugins compatible for Editor in 0.00 ms, found 0 plugins.
Preloading 0 native plugins for Editor in 0.00 ms.
Unloading 0 Unused Serialized files (Serialized files now loaded: 0)
Unloading 418 unused Assets / (42.0 KB). Loaded Objects now: 920.
Memory consumption went from 59.6 MB to 59.5 MB.
Total: 6.919200 ms (FindLiveObjects: 0.119900 ms CreateObjectMapping: 0.066600 ms MarkObjects: 6.523600 ms  DeleteObjects: 0.207400 ms)

Prepare: number of updated asset objects reloaded= 0
========================================================================
Received Prepare
Refreshing native plugins compatible for Editor in 0.00 ms, found 0 plugins.
Preloading 0 native plugins for Editor in 0.00 ms.
Unloading 0 Unused Serialized files (Serialized files now loaded: 0)
Unloading 419 unused Assets / (39.8 KB). Loaded Objects now: 921.
Memory consumption went from 59.6 MB to 59.5 MB.
Total: 6.859600 ms (FindLiveObjects: 0.144600 ms CreateObjectMapping: 0.079900 ms MarkObjects: 6.469100 ms  DeleteObjects: 0.164700 ms)

Prepare: number of updated asset objects reloaded= 0
========================================================================
Received Import Request.
  Time since last request: 21.804646 seconds.
  path: Assets/Scripts/CardEffect/NewMonoBehaviourScript.cs
  artifactKey: Guid(4cca1e05f62d4d9499aeb136a7143633) Importer(815301076,1909f56bfc062723c751e8b465ee728b)
Start importing Assets/Scripts/CardEffect/NewMonoBehaviourScript.cs using Guid(4cca1e05f62d4d9499aeb136a7143633) Importer(815301076,1909f56bfc062723c751e8b465ee728b) (PreviewImporter) -> (artifact id: 'e579be4861acf20b899b39a165757264') in 0.0020347 seconds
Number of updated asset objects reloaded before import = 0Number of asset objects unloaded after import = 0

========================================================================
Received Prepare
Refreshing native plugins compatible for Editor in 0.00 ms, found 0 plugins.
Preloading 0 native plugins for Editor in 0.00 ms.
Unloading 0 Unused Serialized files (Serialized files now loaded: 0)
Unloading 419 unused Assets / (24.5 KB). Loaded Objects now: 921.
Memory consumption went from 59.6 MB to 59.6 MB.
Total: 6.845800 ms (FindLiveObjects: 0.124100 ms CreateObjectMapping: 0.057200 ms MarkObjects: 6.552800 ms  DeleteObjects: 0.110200 ms)

Prepare: number of updated asset objects reloaded= 0
========================================================================
Received Prepare
Refreshing native plugins compatible for Editor in 0.00 ms, found 0 plugins.
Preloading 0 native plugins for Editor in 0.00 ms.
Unloading 0 Unused Serialized files (Serialized files now loaded: 0)
Unloading 419 unused Assets / (27.7 KB). Loaded Objects now: 921.
Memory consumption went from 59.6 MB to 59.6 MB.
Total: 9.054400 ms (FindLiveObjects: 0.141400 ms CreateObjectMapping: 0.058000 ms MarkObjects: 8.657500 ms  DeleteObjects: 0.195100 ms)

Prepare: number of updated asset objects reloaded= 0
========================================================================
Received Prepare
Refreshing native plugins compatible for Editor in 0.00 ms, found 0 plugins.
Preloading 0 native plugins for Editor in 0.00 ms.
Unloading 0 Unused Serialized files (Serialized files now loaded: 0)
Unloading 420 unused Assets / (37.0 KB). Loaded Objects now: 922.
Memory consumption went from 59.6 MB to 59.5 MB.
Total: 7.108600 ms (FindLiveObjects: 0.133200 ms CreateObjectMapping: 0.087900 ms MarkObjects: 6.712000 ms  DeleteObjects: 0.173600 ms)

Prepare: number of updated asset objects reloaded= 0
========================================================================
Received Prepare
Refreshing native plugins compatible for Editor in 0.00 ms, found 0 plugins.
Preloading 0 native plugins for Editor in 0.00 ms.
Unloading 0 Unused Serialized files (Serialized files now loaded: 0)
Unloading 420 unused Assets / (33.0 KB). Loaded Objects now: 922.
Memory consumption went from 59.6 MB to 59.6 MB.
Total: 6.839500 ms (FindLiveObjects: 0.130100 ms CreateObjectMapping: 0.072700 ms MarkObjects: 6.474900 ms  DeleteObjects: 0.160700 ms)

Prepare: number of updated asset objects reloaded= 0
========================================================================
Received Prepare
Refreshing native plugins compatible for Editor in 0.00 ms, found 0 plugins.
Preloading 0 native plugins for Editor in 0.00 ms.
Unloading 0 Unused Serialized files (Serialized files now loaded: 0)
Unloading 420 unused Assets / (48.5 KB). Loaded Objects now: 922.
Memory consumption went from 59.6 MB to 59.5 MB.
Total: 9.570000 ms (FindLiveObjects: 0.228300 ms CreateObjectMapping: 0.085900 ms MarkObjects: 8.656800 ms  DeleteObjects: 0.595500 ms)

Prepare: number of updated asset objects reloaded= 0
========================================================================
Received Prepare
Refreshing native plugins compatible for Editor in 0.00 ms, found 0 plugins.
Preloading 0 native plugins for Editor in 0.00 ms.
Unloading 0 Unused Serialized files (Serialized files now loaded: 0)
Unloading 420 unused Assets / (39.0 KB). Loaded Objects now: 922.
Memory consumption went from 59.6 MB to 59.5 MB.
Total: 8.761700 ms (FindLiveObjects: 0.138200 ms CreateObjectMapping: 0.059700 ms MarkObjects: 8.235600 ms  DeleteObjects: 0.326200 ms)

Prepare: number of updated asset objects reloaded= 0
========================================================================
Received Prepare
Refreshing native plugins compatible for Editor in 0.00 ms, found 0 plugins.
Preloading 0 native plugins for Editor in 0.00 ms.
Unloading 0 Unused Serialized files (Serialized files now loaded: 0)
Unloading 420 unused Assets / (38.0 KB). Loaded Objects now: 922.
Memory consumption went from 59.6 MB to 59.5 MB.
Total: 15.213400 ms (FindLiveObjects: 0.333200 ms CreateObjectMapping: 0.144100 ms MarkObjects: 14.163300 ms  DeleteObjects: 0.569700 ms)

Prepare: number of updated asset objects reloaded= 0
========================================================================
Received Prepare
Refreshing native plugins compatible for Editor in 0.00 ms, found 0 plugins.
Preloading 0 native plugins for Editor in 0.00 ms.
Unloading 0 Unused Serialized files (Serialized files now loaded: 0)
Unloading 421 unused Assets / (30.2 KB). Loaded Objects now: 923.
Memory consumption went from 59.6 MB to 59.6 MB.
Total: 6.769000 ms (FindLiveObjects: 0.131300 ms CreateObjectMapping: 0.065300 ms MarkObjects: 6.430400 ms  DeleteObjects: 0.140600 ms)

Prepare: number of updated asset objects reloaded= 0
========================================================================
Received Prepare
Refreshing native plugins compatible for Editor in 0.00 ms, found 0 plugins.
Preloading 0 native plugins for Editor in 0.00 ms.
Unloading 0 Unused Serialized files (Serialized files now loaded: 0)
Unloading 421 unused Assets / (36.1 KB). Loaded Objects now: 923.
Memory consumption went from 59.6 MB to 59.6 MB.
Total: 6.796700 ms (FindLiveObjects: 0.121100 ms CreateObjectMapping: 0.061100 ms MarkObjects: 6.438400 ms  DeleteObjects: 0.174700 ms)

Prepare: number of updated asset objects reloaded= 0
========================================================================
Received Prepare
Refreshing native plugins compatible for Editor in 0.00 ms, found 0 plugins.
Preloading 0 native plugins for Editor in 0.00 ms.
Unloading 0 Unused Serialized files (Serialized files now loaded: 0)
Unloading 421 unused Assets / (40.8 KB). Loaded Objects now: 923.
Memory consumption went from 59.6 MB to 59.5 MB.
Total: 15.207100 ms (FindLiveObjects: 0.421200 ms CreateObjectMapping: 0.167000 ms MarkObjects: 14.257600 ms  DeleteObjects: 0.358500 ms)

Prepare: number of updated asset objects reloaded= 0
========================================================================
Received Import Request.
  Time since last request: 2512.750856 seconds.
  path: Assets/Scripts/CardEffect/CardEffect7.cs
  artifactKey: Guid(e402e7d1a354e364bbd6a3bad35192c8) Importer(815301076,1909f56bfc062723c751e8b465ee728b)
Start importing Assets/Scripts/CardEffect/CardEffect7.cs using Guid(e402e7d1a354e364bbd6a3bad35192c8) Importer(815301076,1909f56bfc062723c751e8b465ee728b) (PreviewImporter) -> (artifact id: '598ec9f4430eadcc78f55569949b10a9') in 0.012029 seconds
Number of updated asset objects reloaded before import = 0Number of asset objects unloaded after import = 0

========================================================================
Received Prepare
Refreshing native plugins compatible for Editor in 0.00 ms, found 0 plugins.
Preloading 0 native plugins for Editor in 0.00 ms.
Unloading 0 Unused Serialized files (Serialized files now loaded: 0)
Unloading 422 unused Assets / (41.2 KB). Loaded Objects now: 924.
Memory consumption went from 59.6 MB to 59.5 MB.
Total: 6.822500 ms (FindLiveObjects: 0.133400 ms CreateObjectMapping: 0.067600 ms MarkObjects: 6.434600 ms  DeleteObjects: 0.185500 ms)

Prepare: number of updated asset objects reloaded= 0
========================================================================
Received Import Request.
  Time since last request: 3.697245 seconds.
  path: Assets/Scripts/CardEffect/NewMonoBehaviourScript.cs
  artifactKey: Guid(fe3245e6d6baf0f4dbf177ce1897fb34) Importer(815301076,1909f56bfc062723c751e8b465ee728b)
Start importing Assets/Scripts/CardEffect/NewMonoBehaviourScript.cs using Guid(fe3245e6d6baf0f4dbf177ce1897fb34) Importer(815301076,1909f56bfc062723c751e8b465ee728b) (PreviewImporter) -> (artifact id: 'dd61067f70d996df658988ff2be2b088') in 0.0012097 seconds
Number of updated asset objects reloaded before import = 0Number of asset objects unloaded after import = 0

========================================================================
Received Prepare
Refreshing native plugins compatible for Editor in 0.00 ms, found 0 plugins.
Preloading 0 native plugins for Editor in 0.00 ms.
Unloading 0 Unused Serialized files (Serialized files now loaded: 0)
Unloading 422 unused Assets / (38.0 KB). Loaded Objects now: 924.
Memory consumption went from 59.6 MB to 59.6 MB.
Total: 6.917700 ms (FindLiveObjects: 0.129500 ms CreateObjectMapping: 0.150200 ms MarkObjects: 6.446400 ms  DeleteObjects: 0.190200 ms)

Prepare: number of updated asset objects reloaded= 0
========================================================================
Received Import Request.
  Time since last request: 6.434254 seconds.
  path: Assets/Scripts/CardEffect/CardEffect8.cs
  artifactKey: Guid(fe3245e6d6baf0f4dbf177ce1897fb34) Importer(815301076,1909f56bfc062723c751e8b465ee728b)
Start importing Assets/Scripts/CardEffect/CardEffect8.cs using Guid(fe3245e6d6baf0f4dbf177ce1897fb34) Importer(815301076,1909f56bfc062723c751e8b465ee728b) (PreviewImporter) -> (artifact id: 'cd9baa77046f137533f15bd945e81850') in 0.0011122 seconds
Number of updated asset objects reloaded before import = 0Number of asset objects unloaded after import = 0

========================================================================
Received Prepare
Refreshing native plugins compatible for Editor in 0.00 ms, found 0 plugins.
Preloading 0 native plugins for Editor in 0.00 ms.
Unloading 0 Unused Serialized files (Serialized files now loaded: 0)
Unloading 422 unused Assets / (35.1 KB). Loaded Objects now: 924.
Memory consumption went from 59.6 MB to 59.6 MB.
Total: 10.994400 ms (FindLiveObjects: 0.119700 ms CreateObjectMapping: 0.066400 ms MarkObjects: 10.613900 ms  DeleteObjects: 0.192900 ms)

Prepare: number of updated asset objects reloaded= 0
========================================================================
Received Prepare
Refreshing native plugins compatible for Editor in 0.00 ms, found 0 plugins.
Preloading 0 native plugins for Editor in 0.00 ms.
Unloading 0 Unused Serialized files (Serialized files now loaded: 0)
Unloading 422 unused Assets / (22.7 KB). Loaded Objects now: 924.
Memory consumption went from 59.6 MB to 59.6 MB.
Total: 7.175400 ms (FindLiveObjects: 0.182400 ms CreateObjectMapping: 0.083700 ms MarkObjects: 6.672000 ms  DeleteObjects: 0.160300 ms)

Prepare: number of updated asset objects reloaded= 0
========================================================================
Received Prepare
Refreshing native plugins compatible for Editor in 0.00 ms, found 0 plugins.
Preloading 0 native plugins for Editor in 0.00 ms.
Unloading 0 Unused Serialized files (Serialized files now loaded: 0)
Unloading 422 unused Assets / (39.0 KB). Loaded Objects now: 924.
Memory consumption went from 59.6 MB to 59.6 MB.
Total: 7.713200 ms (FindLiveObjects: 0.149200 ms CreateObjectMapping: 0.104700 ms MarkObjects: 7.262900 ms  DeleteObjects: 0.194500 ms)

Prepare: number of updated asset objects reloaded= 0
========================================================================
Received Prepare
Refreshing native plugins compatible for Editor in 0.00 ms, found 0 plugins.
Preloading 0 native plugins for Editor in 0.00 ms.
Unloading 0 Unused Serialized files (Serialized files now loaded: 0)
Unloading 422 unused Assets / (29.3 KB). Loaded Objects now: 924.
Memory consumption went from 59.6 MB to 59.6 MB.
Total: 7.701200 ms (FindLiveObjects: 0.224300 ms CreateObjectMapping: 0.060600 ms MarkObjects: 7.196400 ms  DeleteObjects: 0.218100 ms)

Prepare: number of updated asset objects reloaded= 0
========================================================================
Received Import Request.
  Time since last request: 1070.012420 seconds.
  path: Assets/Scripts/Card/CardData.cs
  artifactKey: Guid(54c75a369492b4d4e85a46b6f2645f87) Importer(815301076,1909f56bfc062723c751e8b465ee728b)
Start importing Assets/Scripts/Card/CardData.cs using Guid(54c75a369492b4d4e85a46b6f2645f87) Importer(815301076,1909f56bfc062723c751e8b465ee728b) (PreviewImporter) -> (artifact id: '6d390570976ab9c99b74912a52567fca') in 0.0029614 seconds
Number of updated asset objects reloaded before import = 0Number of asset objects unloaded after import = 0

========================================================================
Received Prepare
Refreshing native plugins compatible for Editor in 0.00 ms, found 0 plugins.
Preloading 0 native plugins for Editor in 0.00 ms.
Unloading 0 Unused Serialized files (Serialized files now loaded: 0)
Unloading 422 unused Assets / (30.2 KB). Loaded Objects now: 924.
Memory consumption went from 59.6 MB to 59.6 MB.
Total: 7.489000 ms (FindLiveObjects: 0.119200 ms CreateObjectMapping: 0.026100 ms MarkObjects: 7.197400 ms  DeleteObjects: 0.144800 ms)

Prepare: number of updated asset objects reloaded= 0
========================================================================
Received Prepare
Refreshing native plugins compatible for Editor in 0.00 ms, found 0 plugins.
Preloading 0 native plugins for Editor in 0.00 ms.
Unloading 0 Unused Serialized files (Serialized files now loaded: 0)
Unloading 423 unused Assets / (42.8 KB). Loaded Objects now: 925.
Memory consumption went from 59.6 MB to 59.5 MB.
Total: 8.194500 ms (FindLiveObjects: 0.145300 ms CreateObjectMapping: 0.075100 ms MarkObjects: 7.791000 ms  DeleteObjects: 0.181400 ms)

Prepare: number of updated asset objects reloaded= 0
========================================================================
Received Import Request.
  Time since last request: 536.074882 seconds.
  path: Assets/Scripts/Controller/CardController.cs
  artifactKey: Guid(c04a9a9d02e93c149b5e94e9b512323a) Importer(815301076,1909f56bfc062723c751e8b465ee728b)
Start importing Assets/Scripts/Controller/CardController.cs using Guid(c04a9a9d02e93c149b5e94e9b512323a) Importer(815301076,1909f56bfc062723c751e8b465ee728b) (PreviewImporter) -> (artifact id: '902c12022e94d24e85be4412be9b2a31') in 0.0018482 seconds
Number of updated asset objects reloaded before import = 0Number of asset objects unloaded after import = 0

========================================================================
Received Prepare
Refreshing native plugins compatible for Editor in 0.00 ms, found 0 plugins.
Preloading 0 native plugins for Editor in 0.00 ms.
Unloading 0 Unused Serialized files (Serialized files now loaded: 0)
Unloading 423 unused Assets / (15.5 KB). Loaded Objects now: 925.
Memory consumption went from 59.6 MB to 59.6 MB.
Total: 11.871000 ms (FindLiveObjects: 0.136400 ms CreateObjectMapping: 0.080400 ms MarkObjects: 11.232600 ms  DeleteObjects: 0.417200 ms)

Prepare: number of updated asset objects reloaded= 0
========================================================================
Received Prepare
Refreshing native plugins compatible for Editor in 0.00 ms, found 0 plugins.
Preloading 0 native plugins for Editor in 0.00 ms.
Unloading 0 Unused Serialized files (Serialized files now loaded: 0)
Unloading 424 unused Assets / (35.3 KB). Loaded Objects now: 926.
Memory consumption went from 59.6 MB to 59.6 MB.
Total: 5.844200 ms (FindLiveObjects: 0.110400 ms CreateObjectMapping: 0.041800 ms MarkObjects: 5.545000 ms  DeleteObjects: 0.145700 ms)

Prepare: number of updated asset objects reloaded= 0
========================================================================
Received Prepare
Refreshing native plugins compatible for Editor in 0.00 ms, found 0 plugins.
Preloading 0 native plugins for Editor in 0.00 ms.
Unloading 0 Unused Serialized files (Serialized files now loaded: 0)
Unloading 424 unused Assets / (38.0 KB). Loaded Objects now: 926.
Memory consumption went from 59.6 MB to 59.6 MB.
Total: 7.030600 ms (FindLiveObjects: 0.137800 ms CreateObjectMapping: 0.065000 ms MarkObjects: 6.680900 ms  DeleteObjects: 0.145600 ms)

Prepare: number of updated asset objects reloaded= 0
========================================================================
Received Prepare
Refreshing native plugins compatible for Editor in 0.00 ms, found 0 plugins.
Preloading 0 native plugins for Editor in 0.00 ms.
Unloading 0 Unused Serialized files (Serialized files now loaded: 0)
Unloading 424 unused Assets / (42.1 KB). Loaded Objects now: 926.
Memory consumption went from 59.6 MB to 59.6 MB.
Total: 12.695600 ms (FindLiveObjects: 0.245600 ms CreateObjectMapping: 0.139300 ms MarkObjects: 11.993900 ms  DeleteObjects: 0.314300 ms)

Prepare: number of updated asset objects reloaded= 0
========================================================================
Received Prepare
Refreshing native plugins compatible for Editor in 0.00 ms, found 0 plugins.
Preloading 0 native plugins for Editor in 0.00 ms.
Unloading 0 Unused Serialized files (Serialized files now loaded: 0)
Unloading 425 unused Assets / (33.9 KB). Loaded Objects now: 927.
Memory consumption went from 59.6 MB to 59.6 MB.
Total: 6.178000 ms (FindLiveObjects: 0.186300 ms CreateObjectMapping: 0.062200 ms MarkObjects: 5.762500 ms  DeleteObjects: 0.165500 ms)

Prepare: number of updated asset objects reloaded= 0
========================================================================
Received Prepare
Refreshing native plugins compatible for Editor in 0.00 ms, found 0 plugins.
Preloading 0 native plugins for Editor in 0.00 ms.
Unloading 0 Unused Serialized files (Serialized files now loaded: 0)
Unloading 425 unused Assets / (37.9 KB). Loaded Objects now: 927.
Memory consumption went from 59.6 MB to 59.6 MB.
Total: 6.591700 ms (FindLiveObjects: 0.109600 ms CreateObjectMapping: 0.029000 ms MarkObjects: 6.160300 ms  DeleteObjects: 0.291100 ms)

Prepare: number of updated asset objects reloaded= 0
========================================================================
Received Prepare
Refreshing native plugins compatible for Editor in 0.00 ms, found 0 plugins.
Preloading 0 native plugins for Editor in 0.00 ms.
Unloading 0 Unused Serialized files (Serialized files now loaded: 0)
Unloading 425 unused Assets / (26.4 KB). Loaded Objects now: 927.
Memory consumption went from 59.6 MB to 59.6 MB.
Total: 7.240800 ms (FindLiveObjects: 0.135500 ms CreateObjectMapping: 0.062100 ms MarkObjects: 6.921000 ms  DeleteObjects: 0.120900 ms)

Prepare: number of updated asset objects reloaded= 0
========================================================================
Received Prepare
Refreshing native plugins compatible for Editor in 0.00 ms, found 0 plugins.
Preloading 0 native plugins for Editor in 0.00 ms.
Unloading 0 Unused Serialized files (Serialized files now loaded: 0)
Unloading 425 unused Assets / (35.1 KB). Loaded Objects now: 927.
Memory consumption went from 59.6 MB to 59.6 MB.
Total: 12.016900 ms (FindLiveObjects: 0.178400 ms CreateObjectMapping: 0.075000 ms MarkObjects: 11.534300 ms  DeleteObjects: 0.226700 ms)

Prepare: number of updated asset objects reloaded= 0
========================================================================
Received Prepare
Refreshing native plugins compatible for Editor in 0.00 ms, found 0 plugins.
Preloading 0 native plugins for Editor in 0.00 ms.
Unloading 0 Unused Serialized files (Serialized files now loaded: 0)
Unloading 426 unused Assets / (40.1 KB). Loaded Objects now: 928.
Memory consumption went from 59.6 MB to 59.6 MB.
Total: 7.321400 ms (FindLiveObjects: 0.125300 ms CreateObjectMapping: 0.070000 ms MarkObjects: 6.927200 ms  DeleteObjects: 0.197700 ms)

Prepare: number of updated asset objects reloaded= 0
========================================================================
Received Prepare
Refreshing native plugins compatible for Editor in 0.00 ms, found 0 plugins.
Preloading 0 native plugins for Editor in 0.00 ms.
Unloading 0 Unused Serialized files (Serialized files now loaded: 0)
Unloading 426 unused Assets / (26.3 KB). Loaded Objects now: 928.
Memory consumption went from 59.6 MB to 59.6 MB.
Total: 5.103200 ms (FindLiveObjects: 0.076600 ms CreateObjectMapping: 0.018500 ms MarkObjects: 4.898900 ms  DeleteObjects: 0.107600 ms)

Prepare: number of updated asset objects reloaded= 0
========================================================================
Received Prepare
Refreshing native plugins compatible for Editor in 0.00 ms, found 0 plugins.
Preloading 0 native plugins for Editor in 0.00 ms.
Unloading 0 Unused Serialized files (Serialized files now loaded: 0)
Unloading 426 unused Assets / (19.8 KB). Loaded Objects now: 928.
Memory consumption went from 59.6 MB to 59.6 MB.
Total: 7.204400 ms (FindLiveObjects: 0.128200 ms CreateObjectMapping: 0.067000 ms MarkObjects: 6.824500 ms  DeleteObjects: 0.183100 ms)

Prepare: number of updated asset objects reloaded= 0
========================================================================
Received Prepare
Refreshing native plugins compatible for Editor in 0.00 ms, found 0 plugins.
Preloading 0 native plugins for Editor in 0.00 ms.
Unloading 0 Unused Serialized files (Serialized files now loaded: 0)
Unloading 427 unused Assets / (60.4 KB). Loaded Objects now: 929.
Memory consumption went from 59.6 MB to 59.6 MB.
Total: 5.269400 ms (FindLiveObjects: 0.187700 ms CreateObjectMapping: 0.066700 ms MarkObjects: 4.835300 ms  DeleteObjects: 0.178600 ms)

Prepare: number of updated asset objects reloaded= 0
========================================================================
Received Import Request.
  Time since last request: 4063.779464 seconds.
  path: Assets/Scripts/CardEffect/CardEffectInsane3.cs
  artifactKey: Guid(e5508ca8145f5494fb9333d42028c53b) Importer(815301076,1909f56bfc062723c751e8b465ee728b)
Start importing Assets/Scripts/CardEffect/CardEffectInsane3.cs using Guid(e5508ca8145f5494fb9333d42028c53b) Importer(815301076,1909f56bfc062723c751e8b465ee728b) (PreviewImporter) -> (artifact id: 'c5f473b78ccbaee93cfae5c75b77d0a0') in 0.0079904 seconds
Number of updated asset objects reloaded before import = 0Number of asset objects unloaded after import = 0

========================================================================
Received Prepare
Refreshing native plugins compatible for Editor in 0.00 ms, found 0 plugins.
Preloading 0 native plugins for Editor in 0.00 ms.
Unloading 0 Unused Serialized files (Serialized files now loaded: 0)
Unloading 427 unused Assets / (55.3 KB). Loaded Objects now: 929.
Memory consumption went from 59.6 MB to 59.5 MB.
Total: 10.849200 ms (FindLiveObjects: 0.153800 ms CreateObjectMapping: 0.082900 ms MarkObjects: 10.258200 ms  DeleteObjects: 0.352300 ms)

Prepare: number of updated asset objects reloaded= 0
========================================================================
Received Import Request.
  Time since last request: 27.914824 seconds.
  path: Assets/Scripts/CardEffect/CardEffectInsane3.cs
  artifactKey: Guid(e5508ca8145f5494fb9333d42028c53b) Importer(815301076,1909f56bfc062723c751e8b465ee728b)
Start importing Assets/Scripts/CardEffect/CardEffectInsane3.cs using Guid(e5508ca8145f5494fb9333d42028c53b) Importer(815301076,1909f56bfc062723c751e8b465ee728b) (PreviewImporter) -> (artifact id: '5d740f2db36acddc9b6d1a0d7152c1ec') in 0.003455 seconds
Number of updated asset objects reloaded before import = 0Number of asset objects unloaded after import = 0

========================================================================
Received Prepare
Refreshing native plugins compatible for Editor in 0.00 ms, found 0 plugins.
Preloading 0 native plugins for Editor in 0.00 ms.
Unloading 0 Unused Serialized files (Serialized files now loaded: 0)
Unloading 428 unused Assets / (46.5 KB). Loaded Objects now: 930.
Memory consumption went from 59.6 MB to 59.6 MB.
Total: 5.115200 ms (FindLiveObjects: 0.128300 ms CreateObjectMapping: 0.059200 ms MarkObjects: 4.746700 ms  DeleteObjects: 0.179700 ms)

Prepare: number of updated asset objects reloaded= 0
========================================================================
Received Import Request.
  Time since last request: 5.345557 seconds.
  path: Assets/Scripts/CardEffect/NewMonoBehaviourScript.cs
  artifactKey: Guid(57425da6a11aa794187d52ddd17ae166) Importer(815301076,1909f56bfc062723c751e8b465ee728b)
Start importing Assets/Scripts/CardEffect/NewMonoBehaviourScript.cs using Guid(57425da6a11aa794187d52ddd17ae166) Importer(815301076,1909f56bfc062723c751e8b465ee728b) (PreviewImporter) -> (artifact id: '4c75d534c78de184111b3b3a8dd1efe2') in 0.0009928 seconds
Number of updated asset objects reloaded before import = 0Number of asset objects unloaded after import = 0

========================================================================
Received Prepare
Refreshing native plugins compatible for Editor in 0.00 ms, found 0 plugins.
Preloading 0 native plugins for Editor in 0.00 ms.
Unloading 0 Unused Serialized files (Serialized files now loaded: 0)
Unloading 428 unused Assets / (38.8 KB). Loaded Objects now: 930.
Memory consumption went from 59.6 MB to 59.6 MB.
Total: 7.443500 ms (FindLiveObjects: 0.115200 ms CreateObjectMapping: 0.053400 ms MarkObjects: 7.085500 ms  DeleteObjects: 0.188200 ms)

Prepare: number of updated asset objects reloaded= 0
========================================================================
Received Import Request.
  Time since last request: 6.186563 seconds.
  path: Assets/Scripts/CardEffect/CardEffectInsane4.cs
  artifactKey: Guid(57425da6a11aa794187d52ddd17ae166) Importer(815301076,1909f56bfc062723c751e8b465ee728b)
Start importing Assets/Scripts/CardEffect/CardEffectInsane4.cs using Guid(57425da6a11aa794187d52ddd17ae166) Importer(815301076,1909f56bfc062723c751e8b465ee728b) (PreviewImporter) -> (artifact id: 'f1e044a1441e7231b1c3362aee3d8a63') in 0.0011232 seconds
Number of updated asset objects reloaded before import = 0Number of asset objects unloaded after import = 0

========================================================================
Received Prepare
Refreshing native plugins compatible for Editor in 0.00 ms, found 0 plugins.
Preloading 0 native plugins for Editor in 0.00 ms.
Unloading 0 Unused Serialized files (Serialized files now loaded: 0)
Unloading 428 unused Assets / (42.8 KB). Loaded Objects now: 930.
Memory consumption went from 59.6 MB to 59.6 MB.
Total: 6.961800 ms (FindLiveObjects: 0.122400 ms CreateObjectMapping: 0.047900 ms MarkObjects: 6.608000 ms  DeleteObjects: 0.181900 ms)

Prepare: number of updated asset objects reloaded= 0
========================================================================
Received Prepare
Refreshing native plugins compatible for Editor in 0.00 ms, found 0 plugins.
Preloading 0 native plugins for Editor in 0.00 ms.
Unloading 0 Unused Serialized files (Serialized files now loaded: 0)
Unloading 429 unused Assets / (42.9 KB). Loaded Objects now: 931.
Memory consumption went from 59.7 MB to 59.6 MB.
Total: 5.743000 ms (FindLiveObjects: 0.176700 ms CreateObjectMapping: 0.062300 ms MarkObjects: 5.371500 ms  DeleteObjects: 0.131200 ms)

Prepare: number of updated asset objects reloaded= 0
========================================================================
Received Prepare
Refreshing native plugins compatible for Editor in 0.00 ms, found 0 plugins.
Preloading 0 native plugins for Editor in 0.00 ms.
Unloading 0 Unused Serialized files (Serialized files now loaded: 0)
Unloading 429 unused Assets / (46.6 KB). Loaded Objects now: 931.
Memory consumption went from 59.6 MB to 59.6 MB.
Total: 9.095400 ms (FindLiveObjects: 0.124100 ms CreateObjectMapping: 0.061200 ms MarkObjects: 8.709400 ms  DeleteObjects: 0.199000 ms)

Prepare: number of updated asset objects reloaded= 0
========================================================================
Received Prepare
Refreshing native plugins compatible for Editor in 0.00 ms, found 0 plugins.
Preloading 0 native plugins for Editor in 0.00 ms.
Unloading 0 Unused Serialized files (Serialized files now loaded: 0)
Unloading 429 unused Assets / (43.7 KB). Loaded Objects now: 931.
Memory consumption went from 59.6 MB to 59.6 MB.
Total: 15.749900 ms (FindLiveObjects: 0.135200 ms CreateObjectMapping: 0.079100 ms MarkObjects: 15.347500 ms  DeleteObjects: 0.186600 ms)

Prepare: number of updated asset objects reloaded= 0
========================================================================
Received Prepare
Refreshing native plugins compatible for Editor in 0.00 ms, found 0 plugins.
Preloading 0 native plugins for Editor in 0.00 ms.
Unloading 0 Unused Serialized files (Serialized files now loaded: 0)
Unloading 430 unused Assets / (36.1 KB). Loaded Objects now: 932.
Memory consumption went from 59.6 MB to 59.6 MB.
Total: 6.899400 ms (FindLiveObjects: 0.122800 ms CreateObjectMapping: 0.053500 ms MarkObjects: 6.552000 ms  DeleteObjects: 0.169700 ms)

Prepare: number of updated asset objects reloaded= 0
========================================================================
Received Import Request.
  Time since last request: 809.407055 seconds.
  path: Assets/Scripts/CardEffect/CardEffectInsane6.cs
  artifactKey: Guid(216575615188e844ab461bd5a45fb2d2) Importer(815301076,1909f56bfc062723c751e8b465ee728b)
Start importing Assets/Scripts/CardEffect/CardEffectInsane6.cs using Guid(216575615188e844ab461bd5a45fb2d2) Importer(815301076,1909f56bfc062723c751e8b465ee728b) (PreviewImporter) -> (artifact id: '32a5d211abc01faabfa115ec3e393bd9') in 0.0028083 seconds
Number of updated asset objects reloaded before import = 0Number of asset objects unloaded after import = 0

========================================================================
Received Prepare
Refreshing native plugins compatible for Editor in 0.00 ms, found 0 plugins.
Preloading 0 native plugins for Editor in 0.00 ms.
Unloading 0 Unused Serialized files (Serialized files now loaded: 0)
Unloading 430 unused Assets / (15.6 KB). Loaded Objects now: 932.
Memory consumption went from 59.6 MB to 59.6 MB.
Total: 5.728200 ms (FindLiveObjects: 0.092300 ms CreateObjectMapping: 0.024400 ms MarkObjects: 5.476700 ms  DeleteObjects: 0.132800 ms)

Prepare: number of updated asset objects reloaded= 0
========================================================================
Received Prepare
Refreshing native plugins compatible for Editor in 0.00 ms, found 0 plugins.
Preloading 0 native plugins for Editor in 0.00 ms.
Unloading 0 Unused Serialized files (Serialized files now loaded: 0)
Unloading 431 unused Assets / (53.2 KB). Loaded Objects now: 933.
Memory consumption went from 59.6 MB to 59.6 MB.
Total: 9.672300 ms (FindLiveObjects: 0.126700 ms CreateObjectMapping: 0.079900 ms MarkObjects: 9.071900 ms  DeleteObjects: 0.389700 ms)

Prepare: number of updated asset objects reloaded= 0
========================================================================
Received Prepare
Refreshing native plugins compatible for Editor in 0.00 ms, found 0 plugins.
Preloading 0 native plugins for Editor in 0.00 ms.
Unloading 0 Unused Serialized files (Serialized files now loaded: 0)
Unloading 431 unused Assets / (40.9 KB). Loaded Objects now: 933.
Memory consumption went from 59.6 MB to 59.6 MB.
Total: 6.026500 ms (FindLiveObjects: 0.146600 ms CreateObjectMapping: 0.072800 ms MarkObjects: 5.668900 ms  DeleteObjects: 0.137000 ms)

Prepare: number of updated asset objects reloaded= 0
========================================================================
Received Prepare
Refreshing native plugins compatible for Editor in 0.00 ms, found 0 plugins.
Preloading 0 native plugins for Editor in 0.00 ms.
Unloading 0 Unused Serialized files (Serialized files now loaded: 0)
Unloading 431 unused Assets / (28.5 KB). Loaded Objects now: 933.
Memory consumption went from 59.6 MB to 59.6 MB.
Total: 7.185800 ms (FindLiveObjects: 0.126200 ms CreateObjectMapping: 0.050600 ms MarkObjects: 6.853600 ms  DeleteObjects: 0.154000 ms)

Prepare: number of updated asset objects reloaded= 0
========================================================================
Received Prepare
Refreshing native plugins compatible for Editor in 0.00 ms, found 0 plugins.
Preloading 0 native plugins for Editor in 0.00 ms.
Unloading 0 Unused Serialized files (Serialized files now loaded: 0)
Unloading 431 unused Assets / (24.5 KB). Loaded Objects now: 933.
Memory consumption went from 59.6 MB to 59.6 MB.
Total: 10.694700 ms (FindLiveObjects: 0.179700 ms CreateObjectMapping: 0.106100 ms MarkObjects: 10.049600 ms  DeleteObjects: 0.357000 ms)

Prepare: number of updated asset objects reloaded= 0
========================================================================
Received Prepare
Refreshing native plugins compatible for Editor in 0.00 ms, found 0 plugins.
Preloading 0 native plugins for Editor in 0.00 ms.
Unloading 0 Unused Serialized files (Serialized files now loaded: 0)
Unloading 431 unused Assets / (48.6 KB). Loaded Objects now: 933.
Memory consumption went from 59.6 MB to 59.6 MB.
Total: 10.734600 ms (FindLiveObjects: 0.125600 ms CreateObjectMapping: 0.046200 ms MarkObjects: 10.361100 ms  DeleteObjects: 0.200000 ms)

Prepare: number of updated asset objects reloaded= 0
========================================================================
Received Prepare
Refreshing native plugins compatible for Editor in 0.00 ms, found 0 plugins.
Preloading 0 native plugins for Editor in 0.00 ms.
Unloading 0 Unused Serialized files (Serialized files now loaded: 0)
Unloading 432 unused Assets / (20.2 KB). Loaded Objects now: 934.
Memory consumption went from 59.7 MB to 59.7 MB.
Total: 6.528900 ms (FindLiveObjects: 0.144500 ms CreateObjectMapping: 0.027400 ms MarkObjects: 6.238900 ms  DeleteObjects: 0.116700 ms)

Prepare: number of updated asset objects reloaded= 0
========================================================================
Received Prepare
Refreshing native plugins compatible for Editor in 0.00 ms, found 0 plugins.
Preloading 0 native plugins for Editor in 0.00 ms.
Unloading 0 Unused Serialized files (Serialized files now loaded: 0)
Unloading 432 unused Assets / (146.6 KB). Loaded Objects now: 934.
Memory consumption went from 59.7 MB to 59.5 MB.
Total: 12.440200 ms (FindLiveObjects: 0.271700 ms CreateObjectMapping: 0.128800 ms MarkObjects: 11.540100 ms  DeleteObjects: 0.496400 ms)

Prepare: number of updated asset objects reloaded= 0
========================================================================
Received Prepare
Refreshing native plugins compatible for Editor in 0.00 ms, found 0 plugins.
Preloading 0 native plugins for Editor in 0.00 ms.
Unloading 0 Unused Serialized files (Serialized files now loaded: 0)
Unloading 432 unused Assets / (31.3 KB). Loaded Objects now: 934.
Memory consumption went from 59.7 MB to 59.6 MB.
Total: 8.740600 ms (FindLiveObjects: 0.229300 ms CreateObjectMapping: 0.083900 ms MarkObjects: 8.220100 ms  DeleteObjects: 0.206100 ms)

Prepare: number of updated asset objects reloaded= 0
========================================================================
Received Import Request.
  Time since last request: 3787.735298 seconds.
  path: Assets/Scripts/CardEffect/CardEffect8.cs
  artifactKey: Guid(fe3245e6d6baf0f4dbf177ce1897fb34) Importer(815301076,1909f56bfc062723c751e8b465ee728b)
Start importing Assets/Scripts/CardEffect/CardEffect8.cs using Guid(fe3245e6d6baf0f4dbf177ce1897fb34) Importer(815301076,1909f56bfc062723c751e8b465ee728b) (PreviewImporter) -> (artifact id: '63e9ed5e98864d62ae188d1cd83ea94d') in 0.0108333 seconds
Number of updated asset objects reloaded before import = 0Number of asset objects unloaded after import = 0

========================================================================
Received Prepare
Refreshing native plugins compatible for Editor in 0.00 ms, found 0 plugins.
Preloading 0 native plugins for Editor in 0.00 ms.
Unloading 0 Unused Serialized files (Serialized files now loaded: 0)
Unloading 432 unused Assets / (50.5 KB). Loaded Objects now: 934.
Memory consumption went from 59.7 MB to 59.6 MB.
Total: 9.265000 ms (FindLiveObjects: 0.209900 ms CreateObjectMapping: 0.124300 ms MarkObjects: 8.711200 ms  DeleteObjects: 0.218200 ms)

Prepare: number of updated asset objects reloaded= 0
========================================================================
Received Prepare
Refreshing native plugins compatible for Editor in 0.00 ms, found 0 plugins.
Preloading 0 native plugins for Editor in 0.00 ms.
Unloading 0 Unused Serialized files (Serialized files now loaded: 0)
Unloading 432 unused Assets / (32.1 KB). Loaded Objects now: 934.
Memory consumption went from 59.7 MB to 59.6 MB.
Total: 9.658500 ms (FindLiveObjects: 0.229200 ms CreateObjectMapping: 0.080800 ms MarkObjects: 9.168000 ms  DeleteObjects: 0.179200 ms)

Prepare: number of updated asset objects reloaded= 0
========================================================================
Received Import Request.
  Time since last request: 74.393824 seconds.
  path: Assets/Scripts/CardEffect/CardEffectInsane4.cs
  artifactKey: Guid(57425da6a11aa794187d52ddd17ae166) Importer(815301076,1909f56bfc062723c751e8b465ee728b)
Start importing Assets/Scripts/CardEffect/CardEffectInsane4.cs using Guid(57425da6a11aa794187d52ddd17ae166) Importer(815301076,1909f56bfc062723c751e8b465ee728b) (PreviewImporter) -> (artifact id: '3a9ecd67d1723ce8b47a95339dfe6840') in 0.0027955 seconds
Number of updated asset objects reloaded before import = 0Number of asset objects unloaded after import = 0

========================================================================
Received Prepare
Refreshing native plugins compatible for Editor in 0.00 ms, found 0 plugins.
Preloading 0 native plugins for Editor in 0.00 ms.
Unloading 0 Unused Serialized files (Serialized files now loaded: 0)
Unloading 432 unused Assets / (46.8 KB). Loaded Objects now: 934.
Memory consumption went from 59.7 MB to 59.6 MB.
Total: 7.569600 ms (FindLiveObjects: 0.142700 ms CreateObjectMapping: 0.079700 ms MarkObjects: 7.163400 ms  DeleteObjects: 0.182300 ms)

Prepare: number of updated asset objects reloaded= 0
========================================================================
Received Prepare
Refreshing native plugins compatible for Editor in 0.00 ms, found 0 plugins.
Preloading 0 native plugins for Editor in 0.00 ms.
Unloading 0 Unused Serialized files (Serialized files now loaded: 0)
Unloading 432 unused Assets / (47.7 KB). Loaded Objects now: 934.
Memory consumption went from 59.7 MB to 59.6 MB.
Total: 7.177600 ms (FindLiveObjects: 0.130300 ms CreateObjectMapping: 0.072200 ms MarkObjects: 6.731900 ms  DeleteObjects: 0.241700 ms)

Prepare: number of updated asset objects reloaded= 0
========================================================================
Received Prepare
Refreshing native plugins compatible for Editor in 0.00 ms, found 0 plugins.
Preloading 0 native plugins for Editor in 0.00 ms.
Unloading 0 Unused Serialized files (Serialized files now loaded: 0)
Unloading 432 unused Assets / (48.6 KB). Loaded Objects now: 934.
Memory consumption went from 59.7 MB to 59.6 MB.
Total: 6.994400 ms (FindLiveObjects: 0.137800 ms CreateObjectMapping: 0.041300 ms MarkObjects: 6.564400 ms  DeleteObjects: 0.247300 ms)

Prepare: number of updated asset objects reloaded= 0
========================================================================
Received Prepare
Refreshing native plugins compatible for Editor in 0.00 ms, found 0 plugins.
Preloading 0 native plugins for Editor in 0.00 ms.
Unloading 0 Unused Serialized files (Serialized files now loaded: 0)
Unloading 432 unused Assets / (44.0 KB). Loaded Objects now: 934.
Memory consumption went from 59.7 MB to 59.6 MB.
Total: 10.551300 ms (FindLiveObjects: 0.152100 ms CreateObjectMapping: 0.086800 ms MarkObjects: 9.977900 ms  DeleteObjects: 0.332600 ms)

Prepare: number of updated asset objects reloaded= 0
========================================================================
Received Prepare
Refreshing native plugins compatible for Editor in 0.00 ms, found 0 plugins.
Preloading 0 native plugins for Editor in 0.00 ms.
Unloading 0 Unused Serialized files (Serialized files now loaded: 0)
Unloading 432 unused Assets / (59.2 KB). Loaded Objects now: 934.
Memory consumption went from 59.7 MB to 59.6 MB.
Total: 6.947800 ms (FindLiveObjects: 0.138000 ms CreateObjectMapping: 0.041400 ms MarkObjects: 6.509600 ms  DeleteObjects: 0.257300 ms)

Prepare: number of updated asset objects reloaded= 0
========================================================================
Received Prepare
Refreshing native plugins compatible for Editor in 0.00 ms, found 0 plugins.
Preloading 0 native plugins for Editor in 0.00 ms.
Unloading 0 Unused Serialized files (Serialized files now loaded: 0)
Unloading 432 unused Assets / (50.5 KB). Loaded Objects now: 934.
Memory consumption went from 59.7 MB to 59.6 MB.
Total: 11.484200 ms (FindLiveObjects: 0.144700 ms CreateObjectMapping: 0.067500 ms MarkObjects: 10.767000 ms  DeleteObjects: 0.500900 ms)

Prepare: number of updated asset objects reloaded= 0
========================================================================
Received Prepare
Refreshing native plugins compatible for Editor in 0.00 ms, found 0 plugins.
Preloading 0 native plugins for Editor in 0.00 ms.
Unloading 0 Unused Serialized files (Serialized files now loaded: 0)
Unloading 432 unused Assets / (46.9 KB). Loaded Objects now: 934.
Memory consumption went from 59.7 MB to 59.6 MB.
Total: 7.732700 ms (FindLiveObjects: 0.138800 ms CreateObjectMapping: 0.057600 ms MarkObjects: 7.308000 ms  DeleteObjects: 0.226900 ms)

Prepare: number of updated asset objects reloaded= 0
========================================================================
Received Prepare
Refreshing native plugins compatible for Editor in 0.00 ms, found 0 plugins.
Preloading 0 native plugins for Editor in 0.00 ms.
Unloading 0 Unused Serialized files (Serialized files now loaded: 0)
Unloading 432 unused Assets / (39.4 KB). Loaded Objects now: 934.
Memory consumption went from 59.7 MB to 59.6 MB.
Total: 10.656900 ms (FindLiveObjects: 0.279800 ms CreateObjectMapping: 0.102100 ms MarkObjects: 9.975600 ms  DeleteObjects: 0.297000 ms)

Prepare: number of updated asset objects reloaded= 0
========================================================================
Received Prepare
Refreshing native plugins compatible for Editor in 0.00 ms, found 0 plugins.
Preloading 0 native plugins for Editor in 0.00 ms.
Unloading 0 Unused Serialized files (Serialized files now loaded: 0)
Unloading 433 unused Assets / (46.6 KB). Loaded Objects now: 935.
Memory consumption went from 59.7 MB to 59.6 MB.
Total: 7.321300 ms (FindLiveObjects: 0.203700 ms CreateObjectMapping: 0.040600 ms MarkObjects: 6.890400 ms  DeleteObjects: 0.185000 ms)

Prepare: number of updated asset objects reloaded= 0
========================================================================
Received Prepare
Refreshing native plugins compatible for Editor in 0.00 ms, found 0 plugins.
Preloading 0 native plugins for Editor in 0.00 ms.
Unloading 0 Unused Serialized files (Serialized files now loaded: 0)
Unloading 433 unused Assets / (52.4 KB). Loaded Objects now: 935.
Memory consumption went from 59.7 MB to 59.6 MB.
Total: 8.018000 ms (FindLiveObjects: 0.139300 ms CreateObjectMapping: 0.088300 ms MarkObjects: 7.550800 ms  DeleteObjects: 0.237700 ms)

Prepare: number of updated asset objects reloaded= 0
